\BOOKMARK [1][-]{section.1}{\376\377\137\025\212\000\116\016\200\314\146\157\000\040\000\050\000I\000n\000t\000r\000o\000d\000u\000c\000t\000i\000o\000n\000\040\000\046\000\040\000B\000a\000c\000k\000g\000r\000o\000u\000n\000d\000\051}{}% 1
\BOOKMARK [2][-]{subsection.1.1}{\376\377\170\024\172\166\200\314\146\157\116\016\122\250\147\072}{section.1}% 2
\BOOKMARK [3][-]{subsubsection.1.1.1}{\376\377\117\040\176\337\166\356\150\007\150\300\155\113\166\204\142\020\122\237\116\016\134\100\226\120}{subsection.1.1}% 3
\BOOKMARK [3][-]{subsubsection.1.1.2}{\376\377\163\260\133\236\116\026\165\114\166\204\225\177\134\076\122\006\136\003\116\016\150\007\154\350\164\366\230\210}{subsection.1.1}% 4
\BOOKMARK [3][-]{subsubsection.1.1.3}{\376\377\133\236\226\105\136\224\165\050\127\072\146\157\166\204\217\353\122\007\227\000\154\102}{subsection.1.1}% 5
\BOOKMARK [2][-]{subsection.1.2}{\376\377\203\003\137\017\217\154\171\373\377\032\211\306\211\311\000-\213\355\212\000\207\215\124\010\166\204\172\201\170\064}{section.1}% 6
\BOOKMARK [3][-]{subsubsection.1.2.1}{\376\377\116\316\171\273\145\143\000\040\000I\000D\000\040\122\060\213\355\116\111\135\114\121\145}{subsection.1.2}% 7
\BOOKMARK [3][-]{subsubsection.1.2.2}{\376\377\000C\000L\000I\000P\377\032\211\306\211\311\000-\213\355\212\000\133\371\237\120\166\204\127\372\167\363}{subsection.1.2}% 8
\BOOKMARK [3][-]{subsubsection.1.2.3}{\376\377\123\072\127\337\000-\145\207\147\054\133\371\237\120\166\204\142\200\147\057\215\357\137\204}{subsection.1.2}% 9
\BOOKMARK [2][-]{subsection.1.3}{\376\377\150\070\137\303\151\202\137\365\165\114\133\232\116\016\170\024\172\166\203\003\126\364}{section.1}% 10
\BOOKMARK [3][-]{subsubsection.1.3.1}{\376\377\137\000\145\076\213\315\154\107\166\356\150\007\150\300\155\113\000\040\000\050\000O\000V\000D\000\051}{subsection.1.3}% 11
\BOOKMARK [3][-]{subsubsection.1.3.2}{\376\377\117\040\176\337\137\000\145\076\116\026\165\114\166\356\150\007\150\300\155\113\000\040\000\050\000O\000W\000O\000D\000\051}{subsection.1.3}% 12
\BOOKMARK [3][-]{subsubsection.1.3.3}{\376\377\127\372\116\216\000O\000V\000D\166\204\137\000\145\076\116\026\165\114\150\300\155\113\000:\000O\000V\000D\000+\000O\000W\000O\000D\145\260\203\003\137\017}{subsection.1.3}% 13
\BOOKMARK [3][-]{subsubsection.1.3.4}{\376\377\000O\000V\000D\116\016\137\000\145\076\116\026\165\114\150\300\155\113\166\204\133\371\153\324\116\016\200\124\174\373}{subsection.1.3}% 14
\BOOKMARK [2][-]{subsection.1.4}{\376\377\140\073\176\323\377\032\142\200\147\057\157\024\217\333\215\357\176\277\126\376}{section.1}% 15
\BOOKMARK [1][-]{section.2}{\376\377\000O\000V\000D\000\040\150\070\137\303\142\200\147\057\203\003\137\017\040\024\040\024\116\316\155\361\136\246\207\215\124\010\122\060\133\236\145\366\143\250\164\006}{}% 16
\BOOKMARK [2][-]{subsection.2.1}{\376\377\232\330\174\276\136\246\000\040\000O\000V\000D\000\040\150\106\147\266\377\032\127\372\116\216\000\040\000T\000r\000a\000n\000s\000f\000o\000r\000m\000e\000r\000\040\166\204\131\032\226\066\153\265\155\361\136\246\133\371\237\120}{section.2}% 17
\BOOKMARK [3][-]{subsubsection.2.1.1}{\376\377\215\350\152\041\140\001\162\171\137\201\130\236\137\072\126\150}{subsection.2.1}% 18
\BOOKMARK [3][-]{subsubsection.2.1.2}{\376\377\213\355\212\000\137\025\133\374\166\204\147\345\213\342\220\011\142\351}{subsection.2.1}% 19
\BOOKMARK [3][-]{subsubsection.2.1.3}{\376\377\215\350\152\041\140\001\211\343\170\001\126\150\116\016\133\120\123\345\176\247\123\273\126\152}{subsection.2.1}% 20
\BOOKMARK [3][-]{subsubsection.2.1.4}{\376\377\122\006\174\173\116\016\133\232\117\115\166\204\133\371\237\120\143\137\131\061}{subsection.2.1}% 21
\BOOKMARK [2][-]{subsection.2.2}{\376\377\133\236\145\366\123\026\000\040\000O\000V\000D\000\040\150\106\147\266\377\032\221\315\123\302\145\160\123\026\136\046\147\145\166\204\141\037\167\345\227\151\124\175}{section.2}% 22
\BOOKMARK [3][-]{subsubsection.2.2.1}{\376\377\000R\000e\000p\000V\000L\000-\000P\000A\000N\000\040\116\016\211\306\211\311\000-\213\355\116\111\116\244\116\222}{subsection.2.2}% 23
\BOOKMARK [3][-]{subsubsection.2.2.2}{\376\377\000"\121\110\143\320\171\072\377\014\124\016\150\300\155\113\000"\377\032\143\250\164\006\145\110\163\207\166\204\215\050\123\330}{subsection.2.2}% 24
\BOOKMARK [3][-]{subsubsection.2.2.3}{\376\377\123\072\127\337\000-\145\207\147\054\133\371\153\324\133\146\116\140\173\126\165\145}{subsection.2.2}% 25
\BOOKMARK [2][-]{subsection.2.3}{\376\377\116\044\171\315\142\200\147\057\203\003\137\017\166\204\133\371\153\324\122\006\147\220}{section.2}% 26
\BOOKMARK [1][-]{section.3}{\376\377\217\310\124\021\137\000\145\076\116\016\176\337\116\000\377\032\000O\000V\000D\000\040\124\021\000\040\000O\000W\000D\000\040\166\204\217\333\226\066\116\016\143\242\175\042\377\010\127\372\116\216\000\040\000Y\000O\000L\000O\000-\000W\000o\000r\000l\000d\000\040\143\320\121\372\166\204\000\040\000O\000V\000D\000\040\150\106\147\266\377\011}{}% 27
\BOOKMARK [2][-]{subsection.3.1}{\376\377\000O\000V\000D\000\040\116\016\000\040\000O\000W\000D\000\040\166\204\176\337\116\000\116\373\122\241\143\242\175\042\377\032\000O\000W\000-\000O\000V\000D}{section.3}% 28
\BOOKMARK [3][-]{subsubsection.3.1.1}{\376\377\150\070\137\303\143\021\142\030\116\016\142\200\147\057\215\357\176\277}{subsection.3.1}% 29
\BOOKMARK [3][-]{subsubsection.3.1.2}{\376\377\211\306\211\311\166\370\117\074\136\246\134\136\140\047\220\011\142\351\377\010\000V\000S\000A\000S\377\011\145\271\154\325}{subsection.3.1}% 30
\BOOKMARK [3][-]{subsubsection.3.1.3}{\376\377\155\367\124\010\134\136\140\047\000-\116\015\170\156\133\232\140\047\207\215\124\010\377\010\000H\000A\000U\000F\377\011\145\271\154\325}{subsection.3.1}% 31
\BOOKMARK [3][-]{subsubsection.3.1.4}{\376\377\140\047\200\375\213\304\117\060\116\016\133\236\232\214\232\214\213\301}{subsection.3.1}% 32
\BOOKMARK [3][-]{subsubsection.3.1.5}{\376\377\155\361\121\145\122\006\147\220\116\016\213\250\213\272}{subsection.3.1}% 33
\BOOKMARK [2][-]{subsection.3.2}{\376\377\232\330\145\110\166\204\220\032\165\050\137\000\145\076\116\026\165\114\150\300\155\113\203\003\137\017\377\032\000Y\000O\000L\000O\000-\000U\000n\000i\000O\000W}{section.3}% 34
\BOOKMARK [3][-]{subsubsection.3.2.1}{\376\377\213\276\213\241\164\006\137\365\377\032\127\372\116\216\000\040\000Y\000O\000L\000O\000-\000W\000o\000r\000l\000d\000\040\166\204\176\337\116\000\150\106\147\266}{subsection.3.2}% 35
\BOOKMARK [3][-]{subsubsection.3.2.2}{\376\377\220\032\221\115\173\046\133\146\116\140\147\072\122\066}{subsection.3.2}% 36
\BOOKMARK [3][-]{subsubsection.3.2.3}{\376\377\232\330\145\110\130\236\221\317\133\146\116\140\200\375\122\233}{subsection.3.2}% 37
\BOOKMARK [3][-]{subsubsection.3.2.4}{\376\377\133\236\145\366\140\047\200\375\116\016\220\032\165\050\140\047}{subsection.3.2}% 38
\BOOKMARK [3][-]{subsubsection.3.2.5}{\376\377\155\361\121\145\122\006\147\220\116\016\213\250\213\272}{subsection.3.2}% 39
\BOOKMARK [2][-]{subsection.3.3}{\376\377\116\044\171\315\176\337\116\000\203\003\137\017\166\204\133\371\153\324\116\016\140\073\176\323}{section.3}% 40
\BOOKMARK [3][-]{subsubsection.3.3.1}{\376\377\176\374\124\010\133\371\153\324\122\006\147\220}{subsection.3.3}% 41
\BOOKMARK [3][-]{subsubsection.3.3.2}{\376\377\142\200\147\057\215\357\176\277\166\204\116\222\210\145\140\047}{subsection.3.3}% 42
\BOOKMARK [3][-]{subsubsection.3.3.3}{\376\377\121\161\124\014\143\021\142\030\116\016\147\052\147\145\145\271\124\021}{subsection.3.3}% 43
\BOOKMARK [3][-]{subsubsection.3.3.4}{\376\377\140\073\176\323\116\016\134\125\147\033}{subsection.3.3}% 44
