This is pdfTeX, Version 3.141592653-2.6-1.40.26 (TeX Live 2024) (preloaded format=pdflatex 2024.10.3)  26 DEC 2025 10:52
entering extended mode
 restricted \write18 enabled.
 file:line:error style messages enabled.
 %&-line parsing enabled.
**d:/Pycharm/PycharmProject/cvProject/YOLO/ovd-owod/paper/main.tex
(d:/Pycharm/PycharmProject/cvProject/YOLO/ovd-owod/paper/main.tex
LaTeX2e <2023-11-01> patch level 1
L3 programming layer <2024-02-20>
(e:/textex/texlive/2024/texmf-dist/tex/latex/base/article.cls
Document Class: article 2023/05/17 v1.4n Standard LaTeX document class
(e:/textex/texlive/2024/texmf-dist/tex/latex/base/size10.clo
File: size10.clo 2023/05/17 v1.4n Standard LaTeX file (size option)
)
\c@part=\count188
\c@section=\count189
\c@subsection=\count190
\c@subsubsection=\count191
\c@paragraph=\count192
\c@subparagraph=\count193
\c@figure=\count194
\c@table=\count195
\abovecaptionskip=\skip48
\belowcaptionskip=\skip49
\bibindent=\dimen140
) (e:/textex/texlive/2024/texmf-dist/tex/latex/ctex/ctex.sty (e:/textex/texlive/2024/texmf-dist/tex/latex/l3kernel/expl3.sty
Package: expl3 2024-02-20 L3 programming layer (loader) 
 (e:/textex/texlive/2024/texmf-dist/tex/latex/l3backend/l3backend-pdftex.def
File: l3backend-pdftex.def 2024-02-20 L3 backend support: PDF output (pdfTeX)
\l__color_backend_stack_int=\count196
\l__pdf_internal_box=\box51
))
Package: ctex 2022/07/14 v2.5.10 Chinese adapter in LaTeX (CTEX)
 (e:/textex/texlive/2024/texmf-dist/tex/latex/ctex/ctexhook.sty
Package: ctexhook 2022/07/14 v2.5.10 Document and package hooks (CTEX)
) (e:/textex/texlive/2024/texmf-dist/tex/latex/ctex/ctexpatch.sty
Package: ctexpatch 2022/07/14 v2.5.10 Patching commands (CTEX)
) (e:/textex/texlive/2024/texmf-dist/tex/latex/base/fix-cm.sty
Package: fix-cm 2020/11/24 v1.1t fixes to LaTeX
 (e:/textex/texlive/2024/texmf-dist/tex/latex/base/ts1enc.def
File: ts1enc.def 2001/06/05 v3.0e (jk/car/fm) Standard LaTeX file
LaTeX Font Info:    Redeclaring font encoding TS1 on input line 47.
))
\l__ctex_tmp_int=\count197
\l__ctex_tmp_box=\box52
\l__ctex_tmp_dim=\dimen141
\g__ctex_section_depth_int=\count198
\g__ctex_font_size_int=\count199
 (e:/textex/texlive/2024/texmf-dist/tex/latex/ctex/config/ctexopts.cfg
File: ctexopts.cfg 2022/07/14 v2.5.10 Option configuration file (CTEX)
) (e:/textex/texlive/2024/texmf-dist/tex/latex/ctex/engine/ctex-engine-pdftex.def
File: ctex-engine-pdftex.def 2022/07/14 v2.5.10 (pdf)LaTeX adapter (CTEX)
 (e:/textex/texlive/2024/texmf-dist/tex/latex/cjk/texinput/CJKutf8.sty
Package: CJKutf8 2021/10/16 4.8.5
 (e:/textex/texlive/2024/texmf-dist/tex/generic/iftex/ifpdf.sty
Package: ifpdf 2019/10/25 v3.4 ifpdf legacy package. Use iftex instead.
 (e:/textex/texlive/2024/texmf-dist/tex/generic/iftex/iftex.sty
Package: iftex 2022/02/03 v1.0f TeX engine tests
)) (e:/textex/texlive/2024/texmf-dist/tex/latex/base/inputenc.sty
Package: inputenc 2021/02/14 v1.3d Input encoding file
\inpenc@prehook=\toks17
\inpenc@posthook=\toks18
) (e:/textex/texlive/2024/texmf-dist/tex/latex/cjk/texinput/CJK.sty
Package: CJK 2021/10/16 4.8.5
 (e:/textex/texlive/2024/texmf-dist/tex/latex/cjk/texinput/mule/MULEenc.sty
Package: MULEenc 2021/10/16 4.8.5
) (e:/textex/texlive/2024/texmf-dist/tex/latex/cjk/texinput/CJK.enc
File: CJK.enc 2021/10/16 4.8.5
Now handling font encoding C00 ...
... no UTF-8 mapping file for font encoding C00
Now handling font encoding C05 ...
... no UTF-8 mapping file for font encoding C05
Now handling font encoding C09 ...
... no UTF-8 mapping file for font encoding C09
Now handling font encoding C10 ...
... no UTF-8 mapping file for font encoding C10
Now handling font encoding C20 ...
... no UTF-8 mapping file for font encoding C20
Now handling font encoding C19 ...
... no UTF-8 mapping file for font encoding C19
Now handling font encoding C40 ...
... no UTF-8 mapping file for font encoding C40
Now handling font encoding C42 ...
... no UTF-8 mapping file for font encoding C42
Now handling font encoding C43 ...
... no UTF-8 mapping file for font encoding C43
Now handling font encoding C50 ...
... no UTF-8 mapping file for font encoding C50
Now handling font encoding C52 ...
... no UTF-8 mapping file for font encoding C52
Now handling font encoding C49 ...
... no UTF-8 mapping file for font encoding C49
Now handling font encoding C60 ...
... no UTF-8 mapping file for font encoding C60
Now handling font encoding C61 ...
... no UTF-8 mapping file for font encoding C61
Now handling font encoding C63 ...
... no UTF-8 mapping file for font encoding C63
Now handling font encoding C64 ...
... no UTF-8 mapping file for font encoding C64
Now handling font encoding C65 ...
... no UTF-8 mapping file for font encoding C65
Now handling font encoding C70 ...
... no UTF-8 mapping file for font encoding C70
Now handling font encoding C31 ...
... no UTF-8 mapping file for font encoding C31
Now handling font encoding C32 ...
... no UTF-8 mapping file for font encoding C32
Now handling font encoding C33 ...
... no UTF-8 mapping file for font encoding C33
Now handling font encoding C34 ...
... no UTF-8 mapping file for font encoding C34
Now handling font encoding C35 ...
... no UTF-8 mapping file for font encoding C35
Now handling font encoding C36 ...
... no UTF-8 mapping file for font encoding C36
Now handling font encoding C37 ...
... no UTF-8 mapping file for font encoding C37
Now handling font encoding C80 ...
... no UTF-8 mapping file for font encoding C80
Now handling font encoding C81 ...
... no UTF-8 mapping file for font encoding C81
Now handling font encoding C01 ...
... no UTF-8 mapping file for font encoding C01
Now handling font encoding C11 ...
... no UTF-8 mapping file for font encoding C11
Now handling font encoding C21 ...
... no UTF-8 mapping file for font encoding C21
Now handling font encoding C41 ...
... no UTF-8 mapping file for font encoding C41
Now handling font encoding C62 ...
... no UTF-8 mapping file for font encoding C62
)
\CJK@indent=\box53
) (e:/textex/texlive/2024/texmf-dist/tex/latex/base/fontenc.sty
Package: fontenc 2021/04/29 v2.0v Standard LaTeX package
)) (e:/textex/texlive/2024/texmf-dist/tex/latex/cjkpunct/CJKpunct.sty
Package: CJKpunct 2016/05/14 4.8.4
\CJKpunct@cnta=\count266
\CJKpunct@cntb=\count267
\CJKpunct@cntc=\count268
\CJKpunct@cntd=\count269
\CJKpunct@cnte=\count270
   defining Unicode char U+2018 (decimal 8216)
   defining Unicode char U+2019 (decimal 8217)
   defining Unicode char U+201C (decimal 8220)
   defining Unicode char U+201D (decimal 8221)
   defining Unicode char U+2014 (decimal 8212)
   defining Unicode char U+2026 (decimal 8230)
 (e:/textex/texlive/2024/texmf-dist/tex/latex/cjkpunct/CJKpunct.spa)) (e:/textex/texlive/2024/texmf-dist/tex/latex/cjk/texinput/CJKspace.sty
Package: CJKspace 2021/10/16 3.8.0
) (e:/textex/texlive/2024/texmf-dist/tex/latex/cjk/texinput/UTF8/UTF8.bdg
File: UTF8.bdg 2021/10/16 4.8.5
) (e:/textex/texlive/2024/texmf-dist/tex/latex/ctex/ctexspa.def
File: ctexspa.def 2022/07/14 v2.5.10 Space info for CJKpunct (CTEX)
)
\ccwd=\dimen142
\l__ctex_ccglue_skip=\skip50
)
\l__ctex_ziju_dim=\dimen143
 (e:/textex/texlive/2024/texmf-dist/tex/latex/zhnumber/zhnumber.sty
Package: zhnumber 2022/07/14 v3.0 Typesetting numbers with Chinese glyphs
\l__zhnum_scale_int=\count271
\l__zhnum_tmp_int=\count272
 (e:/textex/texlive/2024/texmf-dist/tex/latex/zhnumber/zhnumber-utf8.cfg
File: zhnumber-utf8.cfg 2022/07/14 v3.0 Chinese numerals with UTF8 encoding
)) (e:/textex/texlive/2024/texmf-dist/tex/latex/ctex/scheme/ctex-scheme-chinese.def
File: ctex-scheme-chinese.def 2022/07/14 v2.5.10 Chinese scheme for generic (CTEX)
 (e:/textex/texlive/2024/texmf-dist/tex/latex/ctex/config/ctex-name-utf8.cfg
File: ctex-name-utf8.cfg 2022/07/14 v2.5.10 Caption with encoding UTF-8 (CTEX)
)) (e:/textex/texlive/2024/texmf-dist/tex/latex/tools/indentfirst.sty
Package: indentfirst 2023/07/02 v1.03 Indent first paragraph (DPC)
) (e:/textex/texlive/2024/texmf-dist/tex/latex/ctex/ctex-c5size.clo
File: ctex-c5size.clo 2022/07/14 v2.5.10 c5size option (CTEX)
) (e:/textex/texlive/2024/texmf-dist/tex/latex/ctex/fontset/ctex-fontset-windows.def
File: ctex-fontset-windows.def 2022/07/14 v2.5.10 Windows fonts definition (CTEX)
)) (e:/textex/texlive/2024/texmf-dist/tex/latex/ctex/config/ctex.cfg
File: ctex.cfg 2022/07/14 v2.5.10 Configuration file (CTEX)
) (e:/textex/texlive/2024/texmf-dist/tex/latex/amsmath/amsmath.sty
Package: amsmath 2023/05/13 v2.17o AMS math features
\@mathmargin=\skip51

For additional information on amsmath, use the `?' option.
(e:/textex/texlive/2024/texmf-dist/tex/latex/amsmath/amstext.sty
Package: amstext 2021/08/26 v2.01 AMS text
 (e:/textex/texlive/2024/texmf-dist/tex/latex/amsmath/amsgen.sty
File: amsgen.sty 1999/11/30 v2.0 generic functions
\@emptytoks=\toks19
\ex@=\dimen144
)) (e:/textex/texlive/2024/texmf-dist/tex/latex/amsmath/amsbsy.sty
Package: amsbsy 1999/11/29 v1.2d Bold Symbols
\pmbraise@=\dimen145
) (e:/textex/texlive/2024/texmf-dist/tex/latex/amsmath/amsopn.sty
Package: amsopn 2022/04/08 v2.04 operator names
)
\inf@bad=\count273
LaTeX Info: Redefining \frac on input line 234.
\uproot@=\count274
\leftroot@=\count275
LaTeX Info: Redefining \overline on input line 399.
LaTeX Info: Redefining \colon on input line 410.
\classnum@=\count276
\DOTSCASE@=\count277
LaTeX Info: Redefining \ldots on input line 496.
LaTeX Info: Redefining \dots on input line 499.
LaTeX Info: Redefining \cdots on input line 620.
\Mathstrutbox@=\box54
\strutbox@=\box55
LaTeX Info: Redefining \big on input line 722.
LaTeX Info: Redefining \Big on input line 723.
LaTeX Info: Redefining \bigg on input line 724.
LaTeX Info: Redefining \Bigg on input line 725.
\big@size=\dimen146
LaTeX Font Info:    Redeclaring font encoding OML on input line 743.
LaTeX Font Info:    Redeclaring font encoding OMS on input line 744.
\macc@depth=\count278
LaTeX Info: Redefining \bmod on input line 905.
LaTeX Info: Redefining \pmod on input line 910.
LaTeX Info: Redefining \smash on input line 940.
LaTeX Info: Redefining \relbar on input line 970.
LaTeX Info: Redefining \Relbar on input line 971.
\c@MaxMatrixCols=\count279
\dotsspace@=\muskip16
\c@parentequation=\count280
\dspbrk@lvl=\count281
\tag@help=\toks20
\row@=\count282
\column@=\count283
\maxfields@=\count284
\andhelp@=\toks21
\eqnshift@=\dimen147
\alignsep@=\dimen148
\tagshift@=\dimen149
\tagwidth@=\dimen150
\totwidth@=\dimen151
\lineht@=\dimen152
\@envbody=\toks22
\multlinegap=\skip52
\multlinetaggap=\skip53
\mathdisplay@stack=\toks23
LaTeX Info: Redefining \[ on input line 2953.
LaTeX Info: Redefining \] on input line 2954.
) (e:/textex/texlive/2024/texmf-dist/tex/latex/amsfonts/amssymb.sty
Package: amssymb 2013/01/14 v3.01 AMS font symbols
 (e:/textex/texlive/2024/texmf-dist/tex/latex/amsfonts/amsfonts.sty
Package: amsfonts 2013/01/14 v3.01 Basic AMSFonts support
\symAMSa=\mathgroup4
\symAMSb=\mathgroup5
LaTeX Font Info:    Redeclaring math symbol \hbar on input line 98.
LaTeX Font Info:    Overwriting math alphabet `\mathfrak' in version `bold'
(Font)                  U/euf/m/n --> U/euf/b/n on input line 106.
)) (e:/textex/texlive/2024/texmf-dist/tex/latex/graphics/graphicx.sty
Package: graphicx 2021/09/16 v1.2d Enhanced LaTeX Graphics (DPC,SPQR)
 (e:/textex/texlive/2024/texmf-dist/tex/latex/graphics/keyval.sty
Package: keyval 2022/05/29 v1.15 key=value parser (DPC)
\KV@toks@=\toks24
) (e:/textex/texlive/2024/texmf-dist/tex/latex/graphics/graphics.sty
Package: graphics 2022/03/10 v1.4e Standard LaTeX Graphics (DPC,SPQR)
 (e:/textex/texlive/2024/texmf-dist/tex/latex/graphics/trig.sty
Package: trig 2021/08/11 v1.11 sin cos tan (DPC)
) (e:/textex/texlive/2024/texmf-dist/tex/latex/graphics-cfg/graphics.cfg
File: graphics.cfg 2016/06/04 v1.11 sample graphics configuration
)
Package graphics Info: Driver file: pdftex.def on input line 107.
 (e:/textex/texlive/2024/texmf-dist/tex/latex/graphics-def/pdftex.def
File: pdftex.def 2022/09/22 v1.2b Graphics/color driver for pdftex
))
\Gin@req@height=\dimen153
\Gin@req@width=\dimen154
) (e:/textex/texlive/2024/texmf-dist/tex/latex/booktabs/booktabs.sty
Package: booktabs 2020/01/12 v1.61803398 Publication quality tables
\heavyrulewidth=\dimen155
\lightrulewidth=\dimen156
\cmidrulewidth=\dimen157
\belowrulesep=\dimen158
\belowbottomsep=\dimen159
\aboverulesep=\dimen160
\abovetopsep=\dimen161
\cmidrulesep=\dimen162
\cmidrulekern=\dimen163
\defaultaddspace=\dimen164
\@cmidla=\count285
\@cmidlb=\count286
\@aboverulesep=\dimen165
\@belowrulesep=\dimen166
\@thisruleclass=\count287
\@lastruleclass=\count288
\@thisrulewidth=\dimen167
) (e:/textex/texlive/2024/texmf-dist/tex/latex/multirow/multirow.sty
Package: multirow 2021/03/15 v2.8 Span multiple rows of a table
\multirow@colwidth=\skip54
\multirow@cntb=\count289
\multirow@dima=\skip55
\bigstrutjot=\dimen168
) (e:/textex/texlive/2024/texmf-dist/tex/latex/hyperref/hyperref.sty
Package: hyperref 2024-01-20 v7.01h Hypertext links for LaTeX
 (e:/textex/texlive/2024/texmf-dist/tex/latex/kvsetkeys/kvsetkeys.sty
Package: kvsetkeys 2022-10-05 v1.19 Key value parser (HO)
) (e:/textex/texlive/2024/texmf-dist/tex/generic/kvdefinekeys/kvdefinekeys.sty
Package: kvdefinekeys 2019-12-19 v1.6 Define keys (HO)
) (e:/textex/texlive/2024/texmf-dist/tex/generic/pdfescape/pdfescape.sty
Package: pdfescape 2019/12/09 v1.15 Implements pdfTeX's escape features (HO)
 (e:/textex/texlive/2024/texmf-dist/tex/generic/ltxcmds/ltxcmds.sty
Package: ltxcmds 2023-12-04 v1.26 LaTeX kernel commands for general use (HO)
) (e:/textex/texlive/2024/texmf-dist/tex/generic/pdftexcmds/pdftexcmds.sty
Package: pdftexcmds 2020-06-27 v0.33 Utility functions of pdfTeX for LuaTeX (HO)
 (e:/textex/texlive/2024/texmf-dist/tex/generic/infwarerr/infwarerr.sty
Package: infwarerr 2019/12/03 v1.5 Providing info/warning/error messages (HO)
)
Package pdftexcmds Info: \pdf@primitive is available.
Package pdftexcmds Info: \pdf@ifprimitive is available.
Package pdftexcmds Info: \pdfdraftmode found.
)) (e:/textex/texlive/2024/texmf-dist/tex/latex/hycolor/hycolor.sty
Package: hycolor 2020-01-27 v1.10 Color options for hyperref/bookmark (HO)
) (e:/textex/texlive/2024/texmf-dist/tex/latex/auxhook/auxhook.sty
Package: auxhook 2019-12-17 v1.6 Hooks for auxiliary files (HO)
) (e:/textex/texlive/2024/texmf-dist/tex/latex/hyperref/nameref.sty
Package: nameref 2023-11-26 v2.56 Cross-referencing by name of section
 (e:/textex/texlive/2024/texmf-dist/tex/latex/refcount/refcount.sty
Package: refcount 2019/12/15 v3.6 Data extraction from label references (HO)
) (e:/textex/texlive/2024/texmf-dist/tex/generic/gettitlestring/gettitlestring.sty
Package: gettitlestring 2019/12/15 v1.6 Cleanup title references (HO)
 (e:/textex/texlive/2024/texmf-dist/tex/latex/kvoptions/kvoptions.sty
Package: kvoptions 2022-06-15 v3.15 Key value format for package options (HO)
))
\c@section@level=\count290
) (e:/textex/texlive/2024/texmf-dist/tex/latex/etoolbox/etoolbox.sty
Package: etoolbox 2020/10/05 v2.5k e-TeX tools for LaTeX (JAW)
\etb@tempcnta=\count291
)
\@linkdim=\dimen169
\Hy@linkcounter=\count292
\Hy@pagecounter=\count293
 (e:/textex/texlive/2024/texmf-dist/tex/latex/hyperref/pd1enc.def
File: pd1enc.def 2024-01-20 v7.01h Hyperref: PDFDocEncoding definition (HO)
Now handling font encoding PD1 ...
... no UTF-8 mapping file for font encoding PD1
) (e:/textex/texlive/2024/texmf-dist/tex/generic/intcalc/intcalc.sty
Package: intcalc 2019/12/15 v1.3 Expandable calculations with integers (HO)
)
\Hy@SavedSpaceFactor=\count294
 (e:/textex/texlive/2024/texmf-dist/tex/latex/hyperref/puenc.def
File: puenc.def 2024-01-20 v7.01h Hyperref: PDF Unicode definition (HO)
Now handling font encoding PU ...
... no UTF-8 mapping file for font encoding PU
)
Package hyperref Info: Option `unicode' set `true' on input line 4062.
Package hyperref Info: Hyper figures OFF on input line 4179.
Package hyperref Info: Link nesting OFF on input line 4184.
Package hyperref Info: Hyper index ON on input line 4187.
Package hyperref Info: Plain pages OFF on input line 4194.
Package hyperref Info: Backreferencing OFF on input line 4199.
Package hyperref Info: Implicit mode ON; LaTeX internals redefined.
Package hyperref Info: Bookmarks ON on input line 4446.
\c@Hy@tempcnt=\count295
 (e:/textex/texlive/2024/texmf-dist/tex/latex/url/url.sty
\Urlmuskip=\muskip17
Package: url 2013/09/16  ver 3.4  Verb mode for urls, etc.
)
LaTeX Info: Redefining \url on input line 4784.
\XeTeXLinkMargin=\dimen170
 (e:/textex/texlive/2024/texmf-dist/tex/generic/bitset/bitset.sty
Package: bitset 2019/12/09 v1.3 Handle bit-vector datatype (HO)
 (e:/textex/texlive/2024/texmf-dist/tex/generic/bigintcalc/bigintcalc.sty
Package: bigintcalc 2019/12/15 v1.5 Expandable calculations on big integers (HO)
))
\Fld@menulength=\count296
\Field@Width=\dimen171
\Fld@charsize=\dimen172
Package hyperref Info: Hyper figures OFF on input line 6063.
Package hyperref Info: Link nesting OFF on input line 6068.
Package hyperref Info: Hyper index ON on input line 6071.
Package hyperref Info: backreferencing OFF on input line 6078.
Package hyperref Info: Link coloring OFF on input line 6083.
Package hyperref Info: Link coloring with OCG OFF on input line 6088.
Package hyperref Info: PDF/A mode OFF on input line 6093.
 (e:/textex/texlive/2024/texmf-dist/tex/latex/base/atbegshi-ltx.sty
Package: atbegshi-ltx 2021/01/10 v1.0c Emulation of the original atbegshi
package with kernel methods
)
\Hy@abspage=\count297
\c@Item=\count298
\c@Hfootnote=\count299
)
Package hyperref Info: Driver (autodetected): hpdftex.
 (e:/textex/texlive/2024/texmf-dist/tex/latex/hyperref/hpdftex.def
File: hpdftex.def 2024-01-20 v7.01h Hyperref driver for pdfTeX
 (e:/textex/texlive/2024/texmf-dist/tex/latex/base/atveryend-ltx.sty
Package: atveryend-ltx 2020/08/19 v1.0a Emulation of the original atveryend package
with kernel methods
)
\Fld@listcount=\count300
\c@bookmark@seq@number=\count301
 (e:/textex/texlive/2024/texmf-dist/tex/latex/rerunfilecheck/rerunfilecheck.sty
Package: rerunfilecheck 2022-07-10 v1.10 Rerun checks for auxiliary files (HO)
 (e:/textex/texlive/2024/texmf-dist/tex/generic/uniquecounter/uniquecounter.sty
Package: uniquecounter 2019/12/15 v1.4 Provide unlimited unique counter (HO)
)
Package uniquecounter Info: New unique counter `rerunfilecheck' on input line 285.
)
\Hy@SectionHShift=\skip56
) (e:/textex/texlive/2024/texmf-dist/tex/latex/geometry/geometry.sty
Package: geometry 2020/01/02 v5.9 Page Geometry
 (e:/textex/texlive/2024/texmf-dist/tex/generic/iftex/ifvtex.sty
Package: ifvtex 2019/10/25 v1.7 ifvtex legacy package. Use iftex instead.
)
\Gm@cnth=\count302
\Gm@cntv=\count303
\c@Gm@tempcnt=\count304
\Gm@bindingoffset=\dimen173
\Gm@wd@mp=\dimen174
\Gm@odd@mp=\dimen175
\Gm@even@mp=\dimen176
\Gm@layoutwidth=\dimen177
\Gm@layoutheight=\dimen178
\Gm@layouthoffset=\dimen179
\Gm@layoutvoffset=\dimen180
\Gm@dimlist=\toks25
) (e:/textex/texlive/2024/texmf-dist/tex/latex/cjk/texinput/UTF8/UTF8.enc
File: UTF8.enc 2021/10/16 4.8.5
) (e:/textex/texlive/2024/texmf-dist/tex/latex/cjk/texinput/UTF8/UTF8.chr
File: UTF8.chr 2021/10/16 4.8.5
) (./main.aux)
\openout1 = `main.aux'.

LaTeX Font Info:    Checking defaults for OML/cmm/m/it on input line 15.
LaTeX Font Info:    ... okay on input line 15.
LaTeX Font Info:    Checking defaults for OMS/cmsy/m/n on input line 15.
LaTeX Font Info:    ... okay on input line 15.
LaTeX Font Info:    Checking defaults for OT1/cmr/m/n on input line 15.
LaTeX Font Info:    ... okay on input line 15.
LaTeX Font Info:    Checking defaults for T1/cmr/m/n on input line 15.
LaTeX Font Info:    ... okay on input line 15.
LaTeX Font Info:    Checking defaults for TS1/cmr/m/n on input line 15.
LaTeX Font Info:    ... okay on input line 15.
LaTeX Font Info:    Checking defaults for OMX/cmex/m/n on input line 15.
LaTeX Font Info:    ... okay on input line 15.
LaTeX Font Info:    Checking defaults for U/cmr/m/n on input line 15.
LaTeX Font Info:    ... okay on input line 15.
LaTeX Font Info:    Checking defaults for C00/song/m/n on input line 15.
LaTeX Font Info:    ... okay on input line 15.
LaTeX Font Info:    Checking defaults for C05/song/m/n on input line 15.
LaTeX Font Info:    ... okay on input line 15.
LaTeX Font Info:    Checking defaults for C09/song/m/n on input line 15.
LaTeX Font Info:    ... okay on input line 15.
LaTeX Font Info:    Checking defaults for C10/song/m/n on input line 15.
LaTeX Font Info:    ... okay on input line 15.
LaTeX Font Info:    Checking defaults for C20/song/m/n on input line 15.
LaTeX Font Info:    ... okay on input line 15.
LaTeX Font Info:    Checking defaults for C19/song/m/n on input line 15.
LaTeX Font Info:    ... okay on input line 15.
LaTeX Font Info:    Checking defaults for C40/song/m/n on input line 15.
LaTeX Font Info:    ... okay on input line 15.
LaTeX Font Info:    Checking defaults for C42/song/m/n on input line 15.
LaTeX Font Info:    ... okay on input line 15.
LaTeX Font Info:    Checking defaults for C43/song/m/n on input line 15.
LaTeX Font Info:    ... okay on input line 15.
LaTeX Font Info:    Checking defaults for C50/song/m/n on input line 15.
LaTeX Font Info:    ... okay on input line 15.
LaTeX Font Info:    Checking defaults for C52/song/m/n on input line 15.
LaTeX Font Info:    ... okay on input line 15.
LaTeX Font Info:    Checking defaults for C49/song/m/n on input line 15.
LaTeX Font Info:    ... okay on input line 15.
LaTeX Font Info:    Checking defaults for C60/mj/m/n on input line 15.
LaTeX Font Info:    ... okay on input line 15.
LaTeX Font Info:    Checking defaults for C61/mj/m/n on input line 15.
LaTeX Font Info:    ... okay on input line 15.
LaTeX Font Info:    Checking defaults for C63/mj/m/n on input line 15.
LaTeX Font Info:    ... okay on input line 15.
LaTeX Font Info:    Checking defaults for C64/mj/m/n on input line 15.
LaTeX Font Info:    ... okay on input line 15.
LaTeX Font Info:    Checking defaults for C65/mj/m/n on input line 15.
LaTeX Font Info:    ... okay on input line 15.
LaTeX Font Info:    Checking defaults for C70/song/m/n on input line 15.
LaTeX Font Info:    ... okay on input line 15.
LaTeX Font Info:    Checking defaults for C31/song/m/n on input line 15.
LaTeX Font Info:    ... okay on input line 15.
LaTeX Font Info:    Checking defaults for C32/song/m/n on input line 15.
LaTeX Font Info:    ... okay on input line 15.
LaTeX Font Info:    Checking defaults for C33/song/m/n on input line 15.
LaTeX Font Info:    ... okay on input line 15.
LaTeX Font Info:    Checking defaults for C34/song/m/n on input line 15.
LaTeX Font Info:    ... okay on input line 15.
LaTeX Font Info:    Checking defaults for C35/song/m/n on input line 15.
LaTeX Font Info:    ... okay on input line 15.
LaTeX Font Info:    Checking defaults for C36/song/m/n on input line 15.
LaTeX Font Info:    ... okay on input line 15.
LaTeX Font Info:    Checking defaults for C37/song/m/n on input line 15.
LaTeX Font Info:    ... okay on input line 15.
LaTeX Font Info:    Checking defaults for C80/song/m/n on input line 15.
LaTeX Font Info:    ... okay on input line 15.
LaTeX Font Info:    Checking defaults for C81/song/m/n on input line 15.
LaTeX Font Info:    ... okay on input line 15.
LaTeX Font Info:    Checking defaults for C01/song/m/n on input line 15.
LaTeX Font Info:    ... okay on input line 15.
LaTeX Font Info:    Checking defaults for C11/song/m/n on input line 15.
LaTeX Font Info:    ... okay on input line 15.
LaTeX Font Info:    Checking defaults for C21/song/m/n on input line 15.
LaTeX Font Info:    ... okay on input line 15.
LaTeX Font Info:    Checking defaults for C41/song/m/n on input line 15.
LaTeX Font Info:    ... okay on input line 15.
LaTeX Font Info:    Checking defaults for C62/song/m/n on input line 15.
LaTeX Font Info:    ... okay on input line 15.
LaTeX Font Info:    Checking defaults for PD1/pdf/m/n on input line 15.
LaTeX Font Info:    ... okay on input line 15.
LaTeX Font Info:    Checking defaults for PU/pdf/m/n on input line 15.
LaTeX Font Info:    ... okay on input line 15.
 (e:/textex/texlive/2024/texmf-dist/tex/context/base/mkii/supp-pdf.mkii
[Loading MPS to PDF converter (version 2006.09.02).]
\scratchcounter=\count305
\scratchdimen=\dimen181
\scratchbox=\box56
\nofMPsegments=\count306
\nofMParguments=\count307
\everyMPshowfont=\toks26
\MPscratchCnt=\count308
\MPscratchDim=\dimen182
\MPnumerator=\count309
\makeMPintoPDFobject=\count310
\everyMPtoPDFconversion=\toks27
) (e:/textex/texlive/2024/texmf-dist/tex/latex/epstopdf-pkg/epstopdf-base.sty
Package: epstopdf-base 2020-01-24 v2.11 Base part for package epstopdf
Package epstopdf-base Info: Redefining graphics rule for `.eps' on input line 485.
 (e:/textex/texlive/2024/texmf-dist/tex/latex/latexconfig/epstopdf-sys.cfg
File: epstopdf-sys.cfg 2010/07/13 v1.3 Configuration of (r)epstopdf for TeX Live
))
Package hyperref Info: Link coloring OFF on input line 15.
 (./main.out) (./main.out)
\@outlinefile=\write3
\openout3 = `main.out'.


*geometry* driver: auto-detecting
*geometry* detected driver: pdftex
*geometry* verbose mode - [ preamble ] result:
* driver: pdftex
* paper: a4paper
* layout: <same size as paper>
* layoutoffset:(h,v)=(0.0pt,0.0pt)
* modes: 
* h-part:(L,W,R)=(72.26999pt, 452.9679pt, 72.26999pt)
* v-part:(T,H,B)=(72.26999pt, 700.50687pt, 72.26999pt)
* \paperwidth=597.50787pt
* \paperheight=845.04684pt
* \textwidth=452.9679pt
* \textheight=700.50687pt
* \oddsidemargin=0.0pt
* \evensidemargin=0.0pt
* \topmargin=-37.0pt
* \headheight=12.0pt
* \headsep=25.0pt
* \topskip=10.0pt
* \footskip=30.0pt
* \marginparwidth=65.0pt
* \marginparsep=11.0pt
* \columnsep=10.0pt
* \skip\footins=9.0pt plus 4.0pt minus 2.0pt
* \hoffset=0.0pt
* \voffset=0.0pt
* \mag=1000
* \@twocolumnfalse
* \@twosidefalse
* \@mparswitchfalse
* \@reversemarginfalse
* (1in=72.27pt=25.4mm, 1cm=28.453pt)

LaTeX Font Info:    Trying to load font information for C70+rm on input line 18.
(e:/textex/texlive/2024/texmf-dist/tex/latex/ctex/fd/c70rm.fd
File: c70rm.fd 2022/07/14 v2.5.10 Chinese font definition (CTEX)
)
LaTeX Font Info:    Trying to load font information for U+msa on input line 18.
 (e:/textex/texlive/2024/texmf-dist/tex/latex/amsfonts/umsa.fd
File: umsa.fd 2013/01/14 v3.01 AMS symbols A
)
LaTeX Font Info:    Trying to load font information for U+msb on input line 18.
 (e:/textex/texlive/2024/texmf-dist/tex/latex/amsfonts/umsb.fd
File: umsb.fd 2013/01/14 v3.01 AMS symbols B
)
Package CJKpunct Info: use punctuation spaces for family 'rm' with punctstyle (quanjiao) on input line 22.
 (e:/textex/texlive/2024/texmf-dist/tex/generic/ctex/zhmap/ctex-zhmap-windows.tex
File: ctex-zhmap-windows.tex 2022/07/14 v2.5.10 Windows font map loader for pdfTeX and DVIPDFMx (CTEX)
{e:/textex/texlive/2024/texmf-var/fonts/map/pdftex/updmap/pdftex.map}{UGBK.sfd}{Unicode.sfd}) [1

]
<../picture/p3.png, id=354, 544.28343pt x 263.48438pt>
File: ../picture/p3.png Graphic file (type png)
<use ../picture/p3.png>
Package pdftex.def Info: ../picture/p3.png  used on input line 59.
(pdftex.def)             Requested size: 362.37569pt x 175.42397pt.
 [2 <../picture/p3.png>]
LaTeX Font Info:    Trying to load font information for OMS+cmr on input line 100.
 (e:/textex/texlive/2024/texmf-dist/tex/latex/base/omscmr.fd
File: omscmr.fd 2023/04/13 v2.5m Standard LaTeX font definitions
)
LaTeX Font Info:    Font shape `OMS/cmr/m/n' in size <10.53937> not available
(Font)              Font shape `OMS/cmsy/m/n' tried instead on input line 100.
 [3]
Underfull \hbox (badness 10000) in paragraph at lines 120--120
[]\C70/rm/m/n/9.03374/5f ^^@ \C70/rm/m/n/9.03374/65 > \C70/rm/m/n/9.03374/8b Õ \C70/rm/m/n/9.03374/6c G \C70/rm/m/n/9.03374/76 Ó \C70/rm/m/n/9.03374/68 ^^G
 []


Underfull \hbox (badness 10000) in paragraph at lines 120--120
[]\C70/rm/m/n/9.03374/8b ∆ \C70/rm/m/n/9.03374/52 + \C70/rm/m/n/9.03374/4e ˚ \C70/rm/m/n/9.03374/61 ^^O \C70/rm/m/n/9.03374/65 á \C70/rm/m/n/9.03374/67 , \C70/rm/m/n/9.03374/63 œ
 []


Underfull \hbox (badness 10000) in paragraph at lines 120--120
[]\C70/rm/m/n/9.03374/7c { \C70/rm/m/n/9.03374/52 + \C70/rm/m/n/9.03374/7a z \C70/rm/m/n/9.03374/95 Ù \C70/rm/m/n/9.03374/53 Ô \C70/rm/m/n/9.03374/90 ^^Z \C70/rm/m/n/9.03374/8f « \C70/rm/m/n/9.03374/8b Ì
 []


Underfull \hbox (badness 10000) in paragraph at lines 120--121
[]\OT1/cmr/m/n/9.03374 GLIP, Ground-ing
 []


Underfull \hbox (badness 10000) in paragraph at lines 120--121
\OT1/cmr/m/n/9.03374 DINO, YOLO-
 []


Underfull \hbox (badness 10000) in paragraph at lines 122--122
[]\C70/rm/m/n/9.03374/4f   \C70/rm/m/n/9.03374/7e ﬂ \C70/rm/m/n/9.03374/5f ^^@ \C70/rm/m/n/9.03374/65 > \C70/rm/m/n/9.03374/4e ^^V
 []


Underfull \hbox (badness 10000) in paragraph at lines 122--122
\C70/rm/m/n/9.03374/75 L \C70/rm/m/n/9.03374/76 Ó \C70/rm/m/n/9.03374/68 ^^G ¿ \C70/rm/m/n/9.03374/6d K
 []


Underfull \hbox (badness 10000) in paragraph at lines 122--122
[]\C70/rm/m/n/9.03374/4e ; \C70/rm/m/n/9.03374/52 ® \C70/rm/m/n/9.03374/53 — \C70/rm/m/n/9.03374/73 ∞ \C70/rm/m/n/9.03374/67 * \C70/rm/m/n/9.03374/77 Â \C70/rm/m/n/9.03374/5e v
 []


Underfull \hbox (badness 10000) in paragraph at lines 122--122
[]\C70/rm/m/n/9.03374/80 ˝ \C70/rm/m/n/9.03374/8b ∆ \C70/rm/m/n/9.03374/52 +\OT1/cmr/m/n/9.03374 "\C70/rm/m/n/9.03374/4e ^^M \C70/rm/m/n/9.03374/77 Â \C70/rm/m/n/9.03374/90 S\OT1/cmr/m/n/9.03374 "\C70/rm/m/n/9.03374/5e v
 []


Underfull \hbox (badness 2443) in paragraph at lines 122--123
[]\OT1/cmr/m/n/9.03374 ORE, OW-DETR,
 []


Underfull \hbox (badness 10000) in paragraph at lines 124--124
[]\C70/rm/m/n/9.03374/57 ˙ \C70/rm/m/n/9.03374/4e é\OT1/cmr/m/n/9.03374 OVD\C70/rm/m/n/9.03374/76 Ñ
 []


Underfull \hbox (badness 10000) in paragraph at lines 124--124
\C70/rm/m/n/9.03374/5f ^^@ \C70/rm/m/n/9.03374/65 > \C70/rm/m/n/9.03374/4e ^^V \C70/rm/m/n/9.03374/75 L \C70/rm/m/n/9.03374/68 ¿ \C70/rm/m/n/9.03374/6d K
 []


Overfull \hbox (6.68149pt too wide) in paragraph at lines 124--124
|\C70/rm/m/n/9.03374/ff ^^H|\OT1/cmr/m/n/9.03374 OVD+OWOD|\C70/rm/m/n/9.03374/ff 	|
 []


Underfull \hbox (badness 10000) in paragraph at lines 124--124
[]\C70/rm/m/n/9.03374/7e ” \C70/rm/m/n/9.03374/54 ^^H \C70/rm/m/n/9.03374/96 ˆ \C70/rm/m/n/9.03374/68 7 \C70/rm/m/n/9.03374/67 , \C70/rm/m/n/9.03374/4e ^^N ;
 []


Underfull \hbox (badness 10000) in paragraph at lines 124--124
[]\C70/rm/m/n/9.03374/52 ) \C70/rm/m/n/9.03374/75 (\OT1/cmr/m/n/9.03374 OVD\C70/rm/m/n/9.03374/80 ˝ \C70/rm/m/n/9.03374/52 õ \C70/rm/m/n/9.03374/5b û
 []


Underfull \hbox (badness 10000) in paragraph at lines 126--126
[]\C70/rm/m/n/9.03374/5f ^^@ \C70/rm/m/n/9.03374/65 > \C70/rm/m/n/9.03374/96 ∆ \C70/rm/m/n/9.03374/8b ∆ \C70/rm/m/n/9.03374/52 +
 []


Underfull \hbox (badness 10000) in paragraph at lines 126--126
[]\C70/rm/m/n/9.03374/62 “ \C70/rm/m/n/9.03374/7e › \C70/rm/m/n/9.03374/8b ∆ \C70/rm/m/n/9.03374/52 + \C70/rm/m/n/9.03374/4e ^^M \C70/rm/m/n/9.03374/53 Ô \C70/rm/m/n/9.03374/4f ·
 []


Underfull \hbox (badness 10000) in paragraph at lines 126--126
[]\C70/rm/m/n/9.03374/53 : \C70/rm/m/n/9.03374/52 ^^F \C70/rm/m/n/9.03374/5d Ú \C70/rm/m/n/9.03374/77 Â \C70/rm/m/n/9.03374/54 å \C70/rm/m/n/9.03374/67 * \C70/rm/m/n/9.03374/77 Â|\C70/rm/m/n/9.03374/ff ^^L|
 []


Underfull \hbox (badness 10000) in paragraph at lines 126--126
[]\C70/rm/m/n/9.03374/62 ^^P \C70/rm/m/n/9.03374/71 ü \C70/rm/m/n/9.03374/4f F \C70/rm/m/n/9.03374/5e î \C70/rm/m/n/9.03374/75 ( \C70/rm/m/n/9.03374/53 ◊
 []


Underfull \hbox (badness 10000) in paragraph at lines 128--128
[]\C70/rm/m/n/9.03374/96 ˆ \C70/rm/m/n/9.03374/68 7 \C70/rm/m/n/9.03374/67 , \C70/rm/m/n/9.03374/68 ¿ \C70/rm/m/n/9.03374/6d K
 []


Underfull \hbox (badness 10000) in paragraph at lines 128--128
[]\C70/rm/m/n/9.03374/57 ˙ \C70/rm/m/n/9.03374/4e é \C70/rm/m/n/9.03374/5c ^ \C70/rm/m/n/9.03374/60 ' \C70/rm/m/n/9.03374/63 ® \C70/rm/m/n/9.03374/74 ^^F \C70/rm/m/n/9.03374/67 *
 []


Underfull \hbox (badness 10000) in paragraph at lines 128--128
[]\C70/rm/m/n/9.03374/90 ^^Z \C70/rm/m/n/9.03374/8f « \C70/rm/m/n/9.03374/8b Ì \C70/rm/m/n/9.03374/4e I \C70/rm/m/n/9.03374/5c ^ \C70/rm/m/n/9.03374/60 ' \C70/rm/m/n/9.03374/8f ¡ \C70/rm/m/n/9.03374/79 ˚
 []


Underfull \hbox (badness 6944) in paragraph at lines 128--128
[]\C70/rm/m/n/9.03374/4f ù \C70/rm/m/n/9.03374/8d V \C70/rm/m/n/9.03374/5c ^ \C70/rm/m/n/9.03374/60 ' \C70/rm/m/n/9.03374/68 ^^G \C70/rm/m/n/9.03374/6c Ë|\C70/rm/m/n/9.03374/ff ^^L|
 []


Underfull \hbox (badness 10000) in paragraph at lines 130--130
[]\C70/rm/m/n/9.03374/5c ^^Q \C70/rm/m/n/9.03374/68 7 \C70/rm/m/n/9.03374/67 , \C70/rm/m/n/9.03374/68 ¿ \C70/rm/m/n/9.03374/6d K
 []


Underfull \hbox (badness 10000) in paragraph at lines 130--130
[]\C70/rm/m/n/9.03374/75 ( \C70/rm/m/n/9.03374/5c ^^Q \C70/rm/m/n/9.03374/91 œ \C70/rm/m/n/9.03374/68 7 \C70/rm/m/n/9.03374/67 , \C70/rm/m/n/9.03374/5b f \C70/rm/m/n/9.03374/4e `
 []


Underfull \hbox (badness 5217) in paragraph at lines 130--130
[]\C70/rm/m/n/9.03374/5f Î \C70/rm/m/n/9.03374/90 ^^_ ^^B \C70/rm/m/n/9.03374/5e î|\C70/rm/m/n/9.03374/ff ^^L| \C70/rm/m/n/9.03374/4f F \C70/rm/m/n/9.03374/97 ^^@ \C70/rm/m/n/9.03374/89 Å
 []


Underfull \hbox (badness 10000) in paragraph at lines 130--130
[]\C70/rm/m/n/9.03374/5b û \C70/rm/m/n/9.03374/75 ( \C70/rm/m/n/9.03374/4f F \C70/rm/m/n/9.03374/97 ^^@ \C70/rm/m/n/9.03374/68 ^^G \C70/rm/m/n/9.03374/6c Ë
 []


Underfull \hbox (badness 10000) in paragraph at lines 130--131
[]\OT1/cmr/m/n/9.03374 Meta R-CNN,
 []


Underfull \hbox (badness 10000) in paragraph at lines 132--132
[]\C70/rm/m/n/9.03374/95 ^^? \C70/rm/m/n/9.03374/5c > \C70/rm/m/n/9.03374/68 ¿ \C70/rm/m/n/9.03374/6d K
 []


Underfull \hbox (badness 10000) in paragraph at lines 132--132
[]\C70/rm/m/n/9.03374/59 ^^D \C70/rm/m/n/9.03374/74 ^^F \C70/rm/m/n/9.03374/7c { \C70/rm/m/n/9.03374/52 + ^^F \C70/rm/m/n/9.03374/5e ^^C \C70/rm/m/n/9.03374/4e ^^M
 []

[4] [5]
<../picture/p4.png, id=439, 351.56343pt x 203.25937pt>
File: ../picture/p4.png Graphic file (type png)
<use ../picture/p4.png>
Package pdftex.def Info: ../picture/p4.png  used on input line 192.
(pdftex.def)             Requested size: 407.66833pt x 235.69418pt.

Underfull \hbox (badness 10000) in paragraph at lines 227--228
[]\C70/rm/m/n/9.03374/57 ˙ \C70/rm/m/n/9.03374/4e é\OT1/cmr/m/n/9.03374 OVD\C70/rm/m/n/9.03374/76 Ñ \C70/rm/m/n/9.03374/5f ^^@ \C70/rm/m/n/9.03374/65 > \C70/rm/m/n/9.03374/4e ^^V \C70/rm/m/n/9.03374/75 L \C70/rm/m/n/9.03374/68 ¿
 []


Underfull \hbox (badness 10000) in paragraph at lines 231--231
[]\C70/rm/m/n/9.03374/97 ^^@ \C70/rm/m/n/9.03374/89 Å \C70/rm/m/n/9.03374/65 á \C70/rm/m/n/9.03374/67 , \C70/rm/m/n/9.03374/63 – \C70/rm/m/n/9.03374/79 : |\C70/rm/m/n/9.03374/ff ^^H|\C70/rm/m/n/9.03374/7c { \C70/rm/m/n/9.03374/52 +
 []


Underfull \hbox (badness 5652) in paragraph at lines 233--234
[]\C70/rm/bx/n/9.03374/53 Ã \C70/rm/bx/n/9.03374/91 Õ \C70/rm/bx/n/9.03374/80 ˝ \C70/rm/bx/n/9.03374/52 õ|\C70/rm/m/n/9.03374/ff ^^Z| \C70/rm/m/n/9.03374/65 ‚ \C70/rm/m/n/9.03374/80 ˝ \C70/rm/m/n/9.03374/88 ´ \C70/rm/m/n/9.03374/52 ® \C70/rm/m/n/9.03374/54 Õ
 []

[6 <../picture/p4.png>]
<../picture/p5.jpg, id=449, 1413.28pt x 770.88pt>
File: ../picture/p5.jpg Graphic file (type jpg)
<use ../picture/p5.jpg>
Package pdftex.def Info: ../picture/p5.jpg  used on input line 252.
(pdftex.def)             Requested size: 407.66833pt x 222.36145pt.

Underfull \hbox (badness 10000) in paragraph at lines 264--264
[]\C70/rm/bx/n/9.03374/5c ^^A \C70/rm/bx/n/9.03374/95 Ì \C70/rm/bx/n/9.03374/4e ^^V \C70/rm/bx/n/9.03374/75 L \OT1/cmr/m/n/9.03374 (
 []


Underfull \hbox (badness 10000) in paragraph at lines 264--264
[]\C70/rm/bx/n/9.03374/63 í \C70/rm/bx/n/9.03374/65 •\OT1/cmr/bx/n/9.03374 /\C70/rm/bx/n/9.03374/5f ˝ \C70/rm/bx/n/9.03374/75 e|\C70/rm/m/n/9.03374/ff ^^Z| \C70/rm/m/n/9.03374/67 * \C70/rm/m/n/9.03374/77 Â \C70/rm/m/n/9.03374/72 i
 []


Underfull \hbox (badness 1308) in paragraph at lines 264--264
\C70/rm/m/n/9.03374/4f S \C70/rm/m/n/9.03374/88 ´ \C70/rm/m/n/9.03374/8b Ô \C70/rm/m/n/9.03374/52 ^^F \C70/rm/m/n/9.03374/7c { \C70/rm/m/n/9.03374/62 ^^V \C70/rm/m/n/9.03374/5f S \C70/rm/m/n/9.03374/4f \ \C70/rm/m/n/9.03374/80 Ã
 []


Underfull \hbox (badness 10000) in paragraph at lines 264--264
[]\OT1/cmr/m/n/9.03374 Faster R-CNN,
 []


Underfull \hbox (badness 10000) in paragraph at lines 264--265
[]\C70/rm/m/n/9.03374/7c æ \C70/rm/m/n/9.03374/5e ¶ \C70/rm/m/n/9.03374/4e ^^N \C70/rm/m/n/9.03374/90 ^^_ \C70/rm/m/n/9.03374/5e ¶ \C70/rm/m/n/9.03374/76 Ñ \C70/rm/m/n/9.03374/67 Å
 []


Underfull \hbox (badness 10000) in paragraph at lines 266--266
[]\C70/rm/bx/n/9.03374/5f ^^@ \C70/rm/bx/n/9.03374/65 > \C70/rm/bx/n/9.03374/8b Õ \C70/rm/bx/n/9.03374/6c G \C70/rm/bx/n/9.03374/7a Å \C70/rm/bx/n/9.03374/78 4
 []


Underfull \hbox (badness 10000) in paragraph at lines 266--266
[]\OT1/cmr/m/n/9.03374 GLIP, Ground-ing
 []


Underfull \hbox (badness 10000) in paragraph at lines 266--266
\OT1/cmr/m/n/9.03374 DINO, YOLO-
 []


Underfull \hbox (badness 10000) in paragraph at lines 268--268
[]\C70/rm/bx/n/9.03374/4f   \C70/rm/bx/n/9.03374/7e ﬂ \C70/rm/bx/n/9.03374/5f ^^@ \C70/rm/bx/n/9.03374/65 > \C70/rm/bx/n/9.03374/4e ^^V \C70/rm/bx/n/9.03374/75 L
 []


Underfull \hbox (badness 2443) in paragraph at lines 268--268
[]\OT1/cmr/m/n/9.03374 ORE, OW-DETR,
 []


Underfull \hbox (badness 10000) in paragraph at lines 270--270
[]\C70/rm/bx/n/9.03374/7e ﬂ \C70/rm/bx/n/9.03374/4e ^^@ \C70/rm/bx/n/9.03374/5f ^^@ \C70/rm/bx/n/9.03374/65 > \C70/rm/bx/n/9.03374/4e ^^V \C70/rm/bx/n/9.03374/75 L
 []


Underfull \hbox (badness 10000) in paragraph at lines 270--270
[]\OT1/cmr/bx/n/9.03374 OVD +
 []


Underfull \hbox (badness 10000) in paragraph at lines 270--270
[]\C70/rm/m/n/9.03374/65 á \C70/rm/m/n/9.03374/67 , \C70/rm/m/n/9.03374/5d L \C70/rm/m/n/9.03374/51 e \OT1/cmr/m/n/9.03374 +
 []


Underfull \hbox (badness 10000) in paragraph at lines 270--271
[]\C70/rm/m/n/9.03374/57 ˙ \C70/rm/m/n/9.03374/4e é\OT1/cmr/m/n/9.03374 OVD\C70/rm/m/n/9.03374/5b û
 []


Overfull \hbox (37.28748pt too wide) in paragraph at lines 260--273
 [][] 
 []

[7 <../picture/p5.jpg>]
Overfull \hbox (38.10822pt too wide) in paragraph at lines 279--280
[]\C70/rm/m/n/10.53937/56 ‡ \C70/rm/m/n/10.53937/6b d\OT1/cmr/m/n/10.53937 ,\C70/rm/m/n/10.53937/67 , \C70/rm/m/n/10.53937/65 á \C70/rm/m/n/10.53937/5c ^^F \C70/rm/m/n/10.53937/6d Ò \C70/rm/m/n/10.53937/51 e \C70/rm/m/n/10.53937/63 ¢ \C70/rm/m/n/10.53937/8b ®\OT1/cmr/m/n/10.53937 OVD\C70/rm/m/n/10.53937/76 Ñ \C70/rm/m/n/10.53937/68 8 \C70/rm/m/n/10.53937/5f √ \C70/rm/m/n/10.53937/62 Ä \C70/rm/m/n/10.53937/67 /\OT1/cmr/m/n/10.53937 ,\C70/rm/m/n/10.53937/4e Â \C70/rm/m/n/10.53937/53   \C70/rm/m/n/10.53937/59 Ç \C70/rm/m/n/10.53937/4f U \C70/rm/m/n/10.53937/57 (\OT1/cmr/m/n/10.53937 OVD\C70/rm/m/n/10.53937/57 ˙ \C70/rm/m/n/10.53937/78 @ \C70/rm/m/n/10.53937/4e 
 \C70/rm/m/n/10.53937/5b û \C70/rm/m/n/10.53937/73 ∞ \C70/rm/m/n/10.53937/5f ^^@ \C70/rm/m/n/10.53937/65 > \C70/rm/m/n/10.53937/4e ^^V \C70/rm/m/n/10.53937/75 L \C70/rm/m/n/10.53937/80 ˝ \C70/rm/m/n/10.53937/52 õ|\C70/rm/m/n/10.53937/ff ^^L| \C70/rm/m/n/10.53937/53 s\OT1/cmr/m/n/10.53937 OVD+OWOD,\C70/rm/m/n/10.53937/80 ^^L
 []

<../picture/p1.png, id=461, 688.07062pt x 469.00218pt>
File: ../picture/p1.png Graphic file (type png)
<use ../picture/p1.png>
Package pdftex.def Info: ../picture/p1.png  used on input line 290.
(pdftex.def)             Requested size: 407.66833pt x 277.87538pt.
Package CJKpunct Info: use punctuation spaces for family 'zhkai' with punctstyle (quanjiao) on input line 294.
[8] [9{e:/textex/texlive/2024/texmf-dist/fonts/enc/dvips/cm-super/cm-super-ts1.enc} <../picture/p1.png>]
Overfull \hbox (8.44464pt too wide) in paragraph at lines 326--327
[]\C70/rm/bx/n/10.53937/5b ˘ \C70/rm/bx/n/10.53937/6b ‘ \C70/rm/bx/n/10.53937/9a q \C70/rm/bx/n/10.53937/52 ® \C70/rm/bx/n/10.53937/76 Ñ \C70/rm/bx/n/10.53937/67 Â \C70/rm/bx/n/10.53937/8b ‚ \C70/rm/bx/n/10.53937/52 ^^] \C70/rm/bx/n/10.53937/59 À \C70/rm/bx/n/10.53937/53 ^^V|\C70/rm/bx/n/10.53937/ff ^^Z| \C70/rm/m/n/10.53937/9a ÿ \C70/rm/m/n/10.53937/7c æ \C70/rm/m/n/10.53937/5e ¶ \C70/rm/m/n/10.53937/68 F \C70/rm/m/n/10.53937/67 ∂ \C70/rm/m/n/10.53937/91 « \C70/rm/m/n/10.53937/75 ( \C70/rm/bx/n/10.53937/5b ˘ \C70/rm/bx/n/10.53937/6b ‘ \C70/rm/bx/n/10.53937/9a q \C70/rm/bx/n/10.53937/52 ® \C70/rm/bx/n/10.53937/76 Ñ \C70/rm/bx/n/10.53937/67 Â \C70/rm/bx/n/10.53937/8b ‚ \C70/rm/bx/n/10.53937/52 ^^] \C70/rm/bx/n/10.53937/59 À \C70/rm/bx/n/10.53937/53 ^^V |\C70/rm/bx/n/10.53937/ff ^^H|\OT1/cmr/bx/n/10.53937 Contrastive-Driven Query
 []

[10]
Overfull \hbox (40.41917pt too wide) in paragraph at lines 390--391
[]\C70/rm/bx/n/10.53937/96 2 \C70/rm/bx/n/10.53937/6b b \C70/rm/bx/n/10.53937/8b Ì \C70/rm/bx/n/10.53937/4e I \C70/rm/bx/n/10.53937/5e r \C70/rm/bx/n/10.53937/62 p|\C70/rm/m/n/10.53937/ff ^^Z| \C70/rm/m/n/10.53937/4e ^^M \C70/rm/m/n/10.53937/4f ^^Z \C70/rm/m/n/10.53937/56 ‡ \C70/rm/m/n/10.53937/4e : \C70/rm/m/n/10.53937/51 ˙ \C70/rm/m/n/10.53937/73 ∞ \C70/rm/m/n/10.53937/4e Ü\OT1/cmr/m/n/10.53937 "blue"\C70/rm/m/n/10.53937/5c 1 \C70/rm/m/n/10.53937/8b © \C70/rm/m/n/10.53937/6a ! \C70/rm/m/n/10.53937/57 ã \C70/rm/m/n/10.53937/53 ª \C70/rm/m/n/10.53937/5b ˚ \C70/rm/m/n/10.53937/62 ~ \C70/rm/m/n/10.53937/84 › \C70/rm/m/n/10.53937/82 r \C70/rm/m/n/10.53937/76 Ñ \C70/rm/m/n/10.53937/88 c \C70/rm/m/n/10.53937/67 ^^M|\C70/rm/m/n/10.53937/ff ^^L| \C70/rm/m/n/10.53937/80 ^^L \C70/rm/m/n/10.53937/66 / \C70/rm/m/n/10.53937/4e % \C70/rm/m/n/10.53937/68 < \C70/rm/m/n/10.53937/5c ^^F \C70/rm/m/n/10.53937/51 v \C70/rm/m/n/10.53937/96 P \C70/rm/m/n/10.53937/52 6 \C70/rm/m/n/10.53937/57 (\OT1/cmr/m/n/10.53937 "umbrella"\C70/rm/m/n/10.53937/76 Ñ
 []

[11]
<../picture/p2.png, id=528, 709.14937pt x 298.86656pt>
File: ../picture/p2.png Graphic file (type png)
<use ../picture/p2.png>
Package pdftex.def Info: ../picture/p2.png  used on input line 462.
(pdftex.def)             Requested size: 407.66833pt x 171.81044pt.
 [12]
<../picture/Detection Framework.png, id=533, 982.42032pt x 266.49562pt>
File: ../picture/Detection Framework.png Graphic file (type png)
<use ../picture/Detection Framework.png>
Package pdftex.def Info: ../picture/Detection Framework.png  used on input line 471.
(pdftex.def)             Requested size: 407.66833pt x 110.58548pt.
 [13 <../picture/p2.png> <../picture/Detection Framework.png (PNG copy)>] [14]
Overfull \hbox (8.36942pt too wide) in paragraph at lines 582--583
[]\C70/rm/m/n/10.53937/4e : Ü \C70/rm/m/n/10.53937/57 ( \C70/rm/m/n/10.53937/59 ' \C70/rm/m/n/10.53937/89 ƒ \C70/rm/m/n/10.53937/6a ! \C70/rm/m/n/10.53937/65 ‡ \C70/rm/m/n/10.53937/68 ^^G \C70/rm/m/n/10.53937/6c Ë \C70/rm/m/n/10.53937/65 p \C70/rm/m/n/10.53937/63 n \C70/rm/m/n/10.53937/4e - \C70/rm/m/n/10.53937/5b f \C70/rm/m/n/10.53937/4e ` \C70/rm/m/n/10.53937/6c € \C70/rm/m/n/10.53937/53 ^^V \C70/rm/m/n/10.53937/60 '|\C70/rm/m/n/10.53937/ff ^^L| \C70/rm/m/n/10.53937/5b û \C70/rm/m/n/10.53937/65 ˆ \C70/rm/m/n/10.53937/53 ^^V \OT1/cmr/m/n/10.53937 OVD \C70/rm/m/n/10.53937/68 F \C70/rm/m/n/10.53937/67 ∂ \C70/rm/m/n/10.53937/5f ^^U \C70/rm/m/n/10.53937/51 e \C70/rm/m/n/10.53937/4e Ü \C70/rm/bx/n/10.53937/53 : \C70/rm/bx/n/10.53937/57 ﬂ\OT1/cmr/bx/n/10.53937 -\C70/rm/bx/n/10.53937/65 á \C70/rm/bx/n/10.53937/67 , \C70/rm/bx/n/10.53937/5b ˘ \C70/rm/bx/n/10.53937/6b ‘ \C70/rm/bx/n/10.53937/5b f \C70/rm/bx/n/10.53937/4e ` |\C70/rm/bx/n/10.53937/ff ^^H|\OT1/cmr/bx/n/10.53937 Region-
 []

[15]
Underfull \hbox (badness 10000) in paragraph at lines 630--630
[]\C70/rm/m/n/9.03374/59 ^^Z \C70/rm/m/n/9.03374/96 6 \C70/rm/m/n/9.03374/6b µ \C70/rm/m/n/9.03374/6d Ò \C70/rm/m/n/9.03374/5e ¶ \C70/rm/m/n/9.03374/5b ˘ \C70/rm/m/n/9.03374/9f P |\C70/rm/m/n/9.03374/ff ^^H|\C70/rm/m/n/9.03374/7f ^^V \C70/rm/m/n/9.03374/78 ^^A \C70/rm/m/n/9.03374/56 h\OT1/cmr/m/n/9.03374 +\C70/rm/m/n/9.03374/67 Â
 []

[16] [17]
Overfull \hbox (18.8203pt too wide) in paragraph at lines 699--700
[]\C70/rm/m/n/10.53937/4e : Ü \C70/rm/m/n/10.53937/98 Ñ \C70/rm/m/n/10.53937/6d K \C70/rm/m/n/10.53937/67 * \C70/rm/m/n/10.53937/77 Â \C70/rm/m/n/10.53937/72 i \C70/rm/m/n/10.53937/4f S|\C70/rm/m/n/10.53937/ff ^^L| \OT1/cmr/m/n/10.53937 OW-OVD \C70/rm/m/n/10.53937/63 – \C70/rm/m/n/10.53937/51 ˙ \C70/rm/m/n/10.53937/4e Ü \C70/rm/bx/n/10.53937/6d ˜ \C70/rm/bx/n/10.53937/54 ^^H \C70/rm/bx/n/10.53937/5c ^ \C70/rm/bx/n/10.53937/60 '\OT1/cmr/bx/n/10.53937 -\C70/rm/bx/n/10.53937/4e ^^M \C70/rm/bx/n/10.53937/78 n \C70/rm/bx/n/10.53937/5b ö \C70/rm/bx/n/10.53937/60 ' \C70/rm/bx/n/10.53937/87 ç \C70/rm/bx/n/10.53937/54 ^^H |\C70/rm/bx/n/10.53937/ff ^^H|\OT1/cmr/bx/n/10.53937 Hybrid Attribute-Uncertainty
 []

[18] [19]
<../picture/Our Proposed Efficient Universal Open-World Object Detection Pipeline. .png, id=592, 1054.6903pt x 325.215pt>
File: ../picture/Our Proposed Efficient Universal Open-World Object Detection Pipeline. .png Graphic file (type png)
<use ../picture/Our Proposed Efficient Universal Open-World Object Detection Pipeline. .png>
Package pdftex.def Info: ../picture/Our Proposed Efficient Universal Open-World Object Detection Pipeline. .png  used on input line 756.
(pdftex.def)             Requested size: 407.66833pt x 125.7019pt.
 [20 <../picture/Our Proposed Efficient Universal Open-World Object Detection Pipeline. .png (PNG copy)>]
<../picture/The Process of Known Wildcard Learning.png, id=600, 491.58656pt x 219.06844pt>
File: ../picture/The Process of Known Wildcard Learning.png Graphic file (type png)
<use ../picture/The Process of Known Wildcard Learning.png>
Package pdftex.def Info: ../picture/The Process of Known Wildcard Learning.png  used on input line 772.
(pdftex.def)             Requested size: 407.66833pt x 181.67966pt.
 [21 <../picture/The Process of Known Wildcard Learning.png (PNG copy)>] [22]
Underfull \hbox (badness 10000) in paragraph at lines 865--865
[]\OT1/cmr/m/n/9.03374 Transformer (Ground-ing
 []

[23] [24] [25] (./main.aux)
 ***********
LaTeX2e <2023-11-01> patch level 1
L3 programming layer <2022/07/14>
 ***********
Package rerunfilecheck Info: File `main.out' has not changed.
(rerunfilecheck)             Checksum: 87DBC1F084354A563C6DAD32DC4FD119;7573.
 ) 
Here is how much of TeX's memory you used:
 16476 strings out of 476023
 278279 string characters out of 5791027
 1971190 words of memory out of 5000000
 37669 multiletter control sequences out of 15000+600000
 677667 words of font info for 477 fonts, out of 8000000 for 9000
 36 hyphenation exceptions out of 8191
 80i,11n,83p,1240b,538s stack positions out of 10000i,1000n,20000p,200000b,200000s
<c:/Windows/Fonts/simhei.ttf><c:/Windows/Fonts/simhei.ttf><c:/Windows/Fonts/simsun.ttc><c:/Windows/Fonts/simhei.ttf><c:/Windows/Fonts/simsun.ttc><c:/Windows/Fonts/simsun.ttc><c:/Windows/Fonts/simhei.ttf><c:/Windows/Fonts/simhei.ttf><c:/Windows/Fonts/simkai.ttf><c:/Windows/Fonts/simkai.ttf><c:/Windows/Fonts/simkai.ttf><c:/Windows/Fonts/simkai.ttf><c:/Windows/Fonts/simkai.ttf><c:/Windows/Fonts/simkai.ttf><c:/Windows/Fonts/simkai.ttf><c:/Windows/Fonts/simkai.ttf><c:/Windows/Fonts/simkai.ttf><c:/Windows/Fonts/simkai.ttf><c:/Windows/Fonts/simhei.ttf><c:/Windows/Fonts/simsun.ttc><c:/Windows/Fonts/simsun.ttc><c:/Windows/Fonts/simhei.ttf><c:/Windows/Fonts/simkai.ttf><c:/Windows/Fonts/simkai.ttf><c:/Windows/Fonts/simkai.ttf><c:/Windows/Fonts/simkai.ttf><c:/Windows/Fonts/simkai.ttf><c:/Windows/Fonts/simkai.ttf><c:/Windows/Fonts/simkai.ttf><c:/Windows/Fonts/simkai.ttf><c:/Windows/Fonts/simkai.ttf><c:/Windows/Fonts/simkai.ttf><c:/Windows/Fonts/simkai.ttf><c:/Windows/Fonts/simkai.ttf><c:/Windows/Fonts/simkai.ttf><c:/Windows/Fonts/simkai.ttf><c:/Windows/Fonts/simkai.ttf><c:/Windows/Fonts/simkai.ttf><c:/Windows/Fonts/simkai.ttf><c:/Windows/Fonts/simkai.ttf><c:/Windows/Fonts/simkai.ttf><c:/Windows/Fonts/simkai.ttf><c:/Windows/Fonts/simkai.ttf><c:/Windows/Fonts/simkai.ttf><c:/Windows/Fonts/simkai.ttf><c:/Windows/Fonts/simkai.ttf><c:/Windows/Fonts/simkai.ttf><c:/Windows/Fonts/simkai.ttf><c:/Windows/Fonts/simkai.ttf><c:/Windows/Fonts/simkai.ttf><c:/Windows/Fonts/simkai.ttf><c:/Windows/Fonts/simkai.ttf><c:/Windows/Fonts/simkai.ttf><c:/Windows/Fonts/simkai.ttf><c:/Windows/Fonts/simhei.ttf><c:/Windows/Fonts/simsun.ttc><c:/Windows/Fonts/simhei.ttf><c:/Windows/Fonts/simhei.ttf><c:/Windows/Fonts/simsun.ttc><c:/Windows/Fonts/simhei.ttf><c:/Windows/Fonts/simsun.ttc><c:/Windows/Fonts/simsun.ttc><c:/Windows/Fonts/simhei.ttf><c:/Windows/Fonts/simsun.ttc><c:/Windows/Fonts/simsun.ttc><c:/Windows/Fonts/simsun.ttc><c:/Windows/Fonts/simsun.ttc><c:/Windows/Fonts/simsun.ttc><c:/Windows/Fonts/simhei.ttf><c:/Windows/Fonts/simsun.ttc><c:/Windows/Fonts/simsun.ttc><c:/Windows/Fonts/simsun.ttc><c:/Windows/Fonts/simhei.ttf><c:/Windows/Fonts/simhei.ttf><c:/Windows/Fonts/simhei.ttf><c:/Windows/Fonts/simsun.ttc><c:/Windows/Fonts/simhei.ttf><c:/Windows/Fonts/simsun.ttc><c:/Windows/Fonts/simsun.ttc><c:/Windows/Fonts/simhei.ttf><c:/Windows/Fonts/simhei.ttf><c:/Windows/Fonts/simhei.ttf><c:/Windows/Fonts/simhei.ttf><c:/Windows/Fonts/simhei.ttf><c:/Windows/Fonts/simhei.ttf><c:/Windows/Fonts/simsun.ttc><c:/Windows/Fonts/simhei.ttf><c:/Windows/Fonts/simhei.ttf><c:/Windows/Fonts/simhei.ttf><c:/Windows/Fonts/simhei.ttf><c:/Windows/Fonts/simhei.ttf><c:/Windows/Fonts/simhei.ttf><c:/Windows/Fonts/simhei.ttf><c:/Windows/Fonts/simhei.ttf><c:/Windows/Fonts/simhei.ttf><c:/Windows/Fonts/simhei.ttf><c:/Windows/Fonts/simhei.ttf><c:/Windows/Fonts/simhei.ttf><c:/Windows/Fonts/simhei.ttf><c:/Windows/Fonts/simhei.ttf><c:/Windows/Fonts/simhei.ttf><c:/Windows/Fonts/simhei.ttf><c:/Windows/Fonts/simsun.ttc><c:/Windows/Fonts/simsun.ttc><c:/Windows/Fonts/simsun.ttc><c:/Windows/Fonts/simhei.ttf><c:/Windows/Fonts/simhei.ttf><c:/Windows/Fonts/simsun.ttc><c:/Windows/Fonts/simhei.ttf><c:/Windows/Fonts/simhei.ttf><c:/Windows/Fonts/simhei.ttf><c:/Windows/Fonts/simhei.ttf><c:/Windows/Fonts/simhei.ttf><c:/Windows/Fonts/simhei.ttf><c:/Windows/Fonts/simhei.ttf><c:/Windows/Fonts/simsun.ttc><c:/Windows/Fonts/simsun.ttc><c:/Windows/Fonts/simsun.ttc><c:/Windows/Fonts/simhei.ttf><c:/Windows/Fonts/simhei.ttf><c:/Windows/Fonts/simsun.ttc><c:/Windows/Fonts/simsun.ttc><c:/Windows/Fonts/simhei.ttf><c:/Windows/Fonts/simhei.ttf><c:/Windows/Fonts/simhei.ttf><c:/Windows/Fonts/simsun.ttc><c:/Windows/Fonts/simsun.ttc><c:/Windows/Fonts/simsun.ttc><c:/Windows/Fonts/simsun.ttc><c:/Windows/Fonts/simsun.ttc><c:/Windows/Fonts/simsun.ttc><c:/Windows/Fonts/simsun.ttc><c:/Windows/Fonts/simhei.ttf><c:/Windows/Fonts/simhei.ttf><c:/Windows/Fonts/simhei.ttf><c:/Windows/Fonts/simhei.ttf><c:/Windows/Fonts/simhei.ttf><c:/Windows/Fonts/simsun.ttc><c:/Windows/Fonts/simsun.ttc><c:/Windows/Fonts/simsun.ttc><c:/Windows/Fonts/simsun.ttc><c:/Windows/Fonts/simsun.ttc><c:/Windows/Fonts/simsun.ttc><c:/Windows/Fonts/simsun.ttc><c:/Windows/Fonts/simsun.ttc><c:/Windows/Fonts/simsun.ttc><c:/Windows/Fonts/simsun.ttc><c:/Windows/Fonts/simsun.ttc><c:/Windows/Fonts/simsun.ttc><c:/Windows/Fonts/simsun.ttc><c:/Windows/Fonts/simsun.ttc><c:/Windows/Fonts/simsun.ttc><c:/Windows/Fonts/simsun.ttc><c:/Windows/Fonts/simsun.ttc><c:/Windows/Fonts/simsun.ttc><c:/Windows/Fonts/simsun.ttc><c:/Windows/Fonts/simsun.ttc><c:/Windows/Fonts/simsun.ttc><c:/Windows/Fonts/simsun.ttc><c:/Windows/Fonts/simsun.ttc><c:/Windows/Fonts/simsun.ttc><c:/Windows/Fonts/simsun.ttc><c:/Windows/Fonts/simsun.ttc><c:/Windows/Fonts/simsun.ttc><c:/Windows/Fonts/simsun.ttc><c:/Windows/Fonts/simsun.ttc><c:/Windows/Fonts/simsun.ttc><c:/Windows/Fonts/simsun.ttc><c:/Windows/Fonts/simsun.ttc><c:/Windows/Fonts/simhei.ttf><c:/Windows/Fonts/simhei.ttf><c:/Windows/Fonts/simhei.ttf><c:/Windows/Fonts/simhei.ttf><c:/Windows/Fonts/simhei.ttf><c:/Windows/Fonts/simhei.ttf><c:/Windows/Fonts/simhei.ttf><c:/Windows/Fonts/simhei.ttf><c:/Windows/Fonts/simhei.ttf><c:/Windows/Fonts/simhei.ttf><c:/Windows/Fonts/simhei.ttf><c:/Windows/Fonts/simhei.ttf><c:/Windows/Fonts/simhei.ttf><c:/Windows/Fonts/simhei.ttf><c:/Windows/Fonts/simhei.ttf><c:/Windows/Fonts/simhei.ttf><c:/Windows/Fonts/simhei.ttf><c:/Windows/Fonts/simsun.ttc><c:/Windows/Fonts/simsun.ttc><c:/Windows/Fonts/simsun.ttc><c:/Windows/Fonts/simsun.ttc><c:/Windows/Fonts/simsun.ttc><c:/Windows/Fonts/simsun.ttc><c:/Windows/Fonts/simsun.ttc><c:/Windows/Fonts/simsun.ttc><c:/Windows/Fonts/simsun.ttc><c:/Windows/Fonts/simsun.ttc><c:/Windows/Fonts/simsun.ttc><c:/Windows/Fonts/simsun.ttc><e:/textex/texlive/2024/texmf-dist/fonts/type1/public/amsfonts/cm/cmbx10.pfb><e:/textex/texlive/2024/texmf-dist/fonts/type1/public/amsfonts/cm/cmbx12.pfb><e:/textex/texlive/2024/texmf-dist/fonts/type1/public/amsfonts/cm/cmbx9.pfb><e:/textex/texlive/2024/texmf-dist/fonts/type1/public/amsfonts/cm/cmex10.pfb><e:/textex/texlive/2024/texmf-dist/fonts/type1/public/amsfonts/cm/cmmi10.pfb><e:/textex/texlive/2024/texmf-dist/fonts/type1/public/amsfonts/cm/cmmi5.pfb><e:/textex/texlive/2024/texmf-dist/fonts/type1/public/amsfonts/cm/cmmi7.pfb><e:/textex/texlive/2024/texmf-dist/fonts/type1/public/amsfonts/cm/cmmi9.pfb><e:/textex/texlive/2024/texmf-dist/fonts/type1/public/amsfonts/cm/cmr10.pfb><e:/textex/texlive/2024/texmf-dist/fonts/type1/public/amsfonts/cm/cmr12.pfb><e:/textex/texlive/2024/texmf-dist/fonts/type1/public/amsfonts/cm/cmr5.pfb><e:/textex/texlive/2024/texmf-dist/fonts/type1/public/amsfonts/cm/cmr6.pfb><e:/textex/texlive/2024/texmf-dist/fonts/type1/public/amsfonts/cm/cmr7.pfb><e:/textex/texlive/2024/texmf-dist/fonts/type1/public/amsfonts/cm/cmr9.pfb><e:/textex/texlive/2024/texmf-dist/fonts/type1/public/amsfonts/cm/cmsy10.pfb><e:/textex/texlive/2024/texmf-dist/fonts/type1/public/amsfonts/cm/cmsy7.pfb><e:/textex/texlive/2024/texmf-dist/fonts/type1/public/amsfonts/cm/cmsy9.pfb><e:/textex/texlive/2024/texmf-dist/fonts/type1/public/amsfonts/cm/cmti10.pfb><e:/textex/texlive/2024/texmf-dist/fonts/type1/public/amsfonts/symbols/msbm10.pfb><e:/textex/texlive/2024/texmf-dist/fonts/type1/public/cm-super/sfrm1000.pfb>
Output written on main.pdf (25 pages, 2444952 bytes).
PDF statistics:
 1337 PDF objects out of 1440 (max. 8388607)
 969 compressed objects within 10 object streams
 96 named destinations out of 1000 (max. 500000)
 717 words of extra memory for PDF output out of 10000 (max. 10000000)

